TN:
SF:script/DeployOnyxToken.s.sol
DA:11,0
FN:11,DeployOnyxToken.run
FNDA:0,DeployOnyxToken.run
DA:12,0
DA:13,0
DA:16,0
DA:17,0
FNF:1
FNH:0
LF:5
LH:0
BRF:0
BRH:0
end_of_record
TN:
SF:script/HelperConfig.s.sol
DA:18,0
FN:18,HelperConfig.constructor
FNDA:0,HelperConfig.constructor
DA:19,0
DA:22,0
FN:22,HelperConfig.getConfig
FNDA:0,HelperConfig.getConfig
DA:23,0
DA:26,0
FN:26,HelperConfig.getEthSepoliaNetworkConfig
FNDA:0,HelperConfig.getEthSepoliaNetworkConfig
DA:27,0
DA:32,0
FN:32,HelperConfig.getOrCreateAnvilNetworkConfig
FNDA:0,HelperConfig.getOrCreateAnvilNetworkConfig
DA:33,0
BRDA:33,0,0,-
DA:34,0
DA:37,0
DA:38,0
DA:39,0
DA:40,0
FNF:4
FNH:0
LF:13
LH:0
BRF:1
BRH:0
end_of_record
TN:
SF:src/OnyxStablecoinEngine.sol
DA:59,1
FN:59,OnyxStablecoinEngine.checkHealthFactor
FNDA:1,OnyxStablecoinEngine.checkHealthFactor
DA:61,1
DA:64,1
FN:64,OnyxStablecoinEngine.checkCollateralToken
FNDA:1,OnyxStablecoinEngine.checkCollateralToken
DA:65,1
DA:79,9
FN:79,OnyxStablecoinEngine.constructor
FNDA:9,OnyxStablecoinEngine.constructor
DA:80,9
DA:82,9
BRDA:82,0,0,-
DA:83,0
DA:86,9
DA:87,9
DA:88,9
DA:98,2
FN:98,OnyxStablecoinEngine.liquidate
FNDA:2,OnyxStablecoinEngine.liquidate
DA:99,2
DA:100,2
BRDA:100,1,0,1
BRDA:100,1,1,1
DA:104,1
DA:105,1
DA:107,1
DA:108,1
DA:110,1
DA:111,1
DA:112,1
DA:114,1
DA:116,1
DA:117,1
BRDA:117,2,0,-
DA:119,1
DA:122,1
FN:122,OnyxStablecoinEngine._calculateSharesAndAmountToLiquidate
FNDA:1,OnyxStablecoinEngine._calculateSharesAndAmountToLiquidate
DA:123,1
DA:124,1
DA:126,1
BRDA:126,3,0,1
DA:127,0
DA:128,0
DA:130,0
DA:138,773
FN:138,OnyxStablecoinEngine.depositCollateral
FNDA:773,OnyxStablecoinEngine.depositCollateral
DA:139,773
BRDA:139,4,0,-
BRDA:139,4,1,773
DA:141,773
DA:143,773
DA:145,773
BRDA:145,5,0,-
DA:147,773
DA:154,1
FN:154,OnyxStablecoinEngine.redeemCollateral
FNDA:1,OnyxStablecoinEngine.redeemCollateral
DA:155,1
BRDA:155,6,0,-
BRDA:155,6,1,1
DA:157,1
DA:158,0
DA:166,774
FN:166,OnyxStablecoinEngine.mintOnyxToken
FNDA:774,OnyxStablecoinEngine.mintOnyxToken
DA:167,774
DA:173,257
FN:173,OnyxStablecoinEngine.burnOnyxToken
FNDA:257,OnyxStablecoinEngine.burnOnyxToken
DA:174,257
DA:175,257
BRDA:175,7,0,-
BRDA:175,7,1,257
DA:177,257
DA:187,2
FN:187,OnyxStablecoinEngine._redeemCollateral
FNDA:2,OnyxStablecoinEngine._redeemCollateral
DA:188,2
DA:190,2
DA:191,2
BRDA:191,8,0,-
DA:199,777
FN:199,OnyxStablecoinEngine._revertIfHealthFactorIsBroken
FNDA:777,OnyxStablecoinEngine._revertIfHealthFactorIsBroken
DA:200,777
DA:201,777
BRDA:201,9,0,2
BRDA:201,9,1,775
DA:208,2
FN:208,OnyxStablecoinEngine.healthFactor
FNDA:2,OnyxStablecoinEngine.healthFactor
DA:209,2
DA:212,1
FN:212,OnyxStablecoinEngine.getAccountInformation
FNDA:1,OnyxStablecoinEngine.getAccountInformation
DA:213,1
DA:220,0
FN:220,OnyxStablecoinEngine.getTokenAmountFromUsd
FNDA:0,OnyxStablecoinEngine.getTokenAmountFromUsd
DA:221,1
DA:222,1
DA:228,1
FN:228,OnyxStablecoinEngine.getUsdValue
FNDA:1,OnyxStablecoinEngine.getUsdValue
DA:229,785
DA:230,785
DA:231,785
DA:234,1
FN:234,OnyxStablecoinEngine.getPriceFeed
FNDA:1,OnyxStablecoinEngine.getPriceFeed
DA:235,1
DA:238,1
FN:238,OnyxStablecoinEngine.getCollateralTokens
FNDA:1,OnyxStablecoinEngine.getCollateralTokens
DA:239,1
DA:242,1287
FN:242,OnyxStablecoinEngine.getUserShares
FNDA:1287,OnyxStablecoinEngine.getUserShares
DA:243,1287
DA:246,257
FN:246,OnyxStablecoinEngine.getUserCollateral
FNDA:257,OnyxStablecoinEngine.getUserCollateral
DA:247,257
DA:255,782
FN:255,OnyxStablecoinEngine._healthFactor
FNDA:782,OnyxStablecoinEngine._healthFactor
DA:256,782
DA:258,782
BRDA:258,10,0,2
DA:260,780
DA:261,780
DA:263,780
DA:270,783
FN:270,OnyxStablecoinEngine._getAccountInformation
FNDA:783,OnyxStablecoinEngine._getAccountInformation
DA:271,783
DA:272,783
DA:273,783
DA:276,783
DA:279,774
FN:279,OnyxStablecoinEngine._checkCollateralToken
FNDA:774,OnyxStablecoinEngine._checkCollateralToken
DA:280,774
BRDA:280,11,0,-
BRDA:280,11,1,774
FNF:22
FNH:21
LF:87
LH:81
BRF:18
BRH:10
end_of_record
TN:
SF:src/OnyxToken.sol
DA:67,774
FN:67,OnyxToken.checkValue
FNDA:774,OnyxToken.checkValue
DA:68,774
DA:80,9
FN:80,OnyxToken.constructor
FNDA:9,OnyxToken.constructor
DA:81,9
DA:82,9
DA:91,0
FN:91,OnyxToken.rebase
FNDA:0,OnyxToken.rebase
DA:92,0
DA:94,0
DA:95,0
DA:97,0
DA:98,0
DA:107,775
FN:107,OnyxToken.mint
FNDA:775,OnyxToken.mint
DA:108,774
DA:110,774
DA:111,774
DA:120,259
FN:120,OnyxToken.burn
FNDA:259,OnyxToken.burn
DA:121,258
DA:122,258
BRDA:122,0,0,-
BRDA:122,0,1,258
DA:124,258
DA:125,258
DA:126,258
DA:136,1289
FN:136,OnyxToken._update
FNDA:1289,OnyxToken._update
DA:137,1289
BRDA:137,1,0,774
BRDA:137,1,1,257
DA:138,774
DA:141,774
DA:142,774
DA:143,774
DA:145,515
BRDA:145,2,0,258
BRDA:145,2,1,257
DA:146,258
DA:149,258
DA:150,258
DA:151,258
DA:154,257
DA:157,257
DA:158,257
DA:161,1289
DA:168,0
FN:168,OnyxToken.getChainlinkPriceFeed
FNDA:0,OnyxToken.getChainlinkPriceFeed
DA:169,0
DA:172,0
FN:172,OnyxToken.totalSupply
FNDA:0,OnyxToken.totalSupply
DA:173,0
DA:176,0
FN:176,OnyxToken.totalShares
FNDA:0,OnyxToken.totalShares
DA:177,0
DA:180,0
FN:180,OnyxToken.sharesOf
FNDA:0,OnyxToken.sharesOf
DA:181,0
DA:184,1284
FN:184,OnyxToken.balanceOf
FNDA:1284,OnyxToken.balanceOf
DA:185,1542
DA:188,258
FN:188,OnyxToken.getSharesByValue
FNDA:258,OnyxToken.getSharesByValue
DA:189,258
DA:192,780
FN:192,OnyxToken.getValueByShares
FNDA:780,OnyxToken.getValueByShares
DA:193,780
DA:196,1032
FN:196,OnyxToken._checkValue
FNDA:1032,OnyxToken._checkValue
DA:197,1032
BRDA:197,3,0,-
BRDA:197,3,1,1032
FNF:14
FNH:9
LF:52
LH:38
BRF:8
BRH:6
end_of_record
TN:
SF:test/mocks/MockV3Aggregator.t.sol
DA:18,18
FN:18,MockV3Aggregator.constructor
FNDA:18,MockV3Aggregator.constructor
DA:19,18
DA:20,18
DA:23,19
FN:23,MockV3Aggregator.updateAnswer
FNDA:19,MockV3Aggregator.updateAnswer
DA:24,19
DA:25,19
DA:26,19
DA:27,19
DA:28,19
DA:29,19
DA:32,0
FN:32,MockV3Aggregator.updateRoundData
FNDA:0,MockV3Aggregator.updateRoundData
DA:33,0
DA:34,0
DA:35,0
DA:36,0
DA:37,0
DA:38,0
DA:41,0
FN:41,MockV3Aggregator.getRoundData
FNDA:0,MockV3Aggregator.getRoundData
DA:46,0
DA:49,785
FN:49,MockV3Aggregator.latestRoundData
FNDA:785,MockV3Aggregator.latestRoundData
DA:54,785
DA:63,0
FN:63,MockV3Aggregator.description
FNDA:0,MockV3Aggregator.description
DA:64,0
FNF:6
FNH:3
LF:23
LH:12
BRF:0
BRH:0
end_of_record
